Flow report for Led_On
Thu Jul 30 22:06:24 2020
Quartus Prime Version 19.1.0 Build 670 09/22/2019 SJ Standard Edition


---------------------
; Table of Contents ;
---------------------
  1. Legal Notice
  2. Flow Summary
  3. Flow Settings
  4. Flow Non-Default Global Settings
  5. Flow Elapsed Time
  6. Flow OS Summary
  7. Flow Log
  8. Flow Messages
  9. Flow Suppressed Messages



----------------
; Legal Notice ;
----------------
Copyright (C) 2019  Intel Corporation. All rights reserved.
Your use of Intel Corporation's design tools, logic functions 
and other software and tools, and any partner logic 
functions, and any output files from any of the foregoing 
(including device programming or simulation files), and any 
associated documentation or information are expressly subject 
to the terms and conditions of the Intel Program License 
Subscription Agreement, the Intel Quartus Prime License Agreement,
the Intel FPGA IP License Agreement, or other applicable license
agreement, including, without limitation, that your use is for
the sole purpose of programming logic devices manufactured by
Intel and sold by Intel or its authorized distributors.  Please
refer to the applicable agreement for further details, at
https://fpgasoftware.intel.com/eula.



+-----------------------------------------------------------------------------------+
; Flow Summary                                                                      ;
+---------------------------------+-------------------------------------------------+
; Flow Status                     ; Successful - Thu Jul 30 22:06:24 2020           ;
; Quartus Prime Version           ; 19.1.0 Build 670 09/22/2019 SJ Standard Edition ;
; Revision Name                   ; Led_On                                          ;
; Top-level Entity Name           ; Led_On_With_Switch                              ;
; Family                          ; Cyclone V                                       ;
; Device                          ; 5CSEMA5F31C6                                    ;
; Timing Models                   ; Final                                           ;
; Logic utilization (in ALMs)     ; 1 / 32,070 ( < 1 % )                            ;
; Total registers                 ; 0                                               ;
; Total pins                      ; 2 / 457 ( < 1 % )                               ;
; Total virtual pins              ; 0                                               ;
; Total block memory bits         ; 0 / 4,065,280 ( 0 % )                           ;
; Total DSP Blocks                ; 0 / 87 ( 0 % )                                  ;
; Total HSSI RX PCSs              ; 0                                               ;
; Total HSSI PMA RX Deserializers ; 0                                               ;
; Total HSSI TX PCSs              ; 0                                               ;
; Total HSSI PMA TX Serializers   ; 0                                               ;
; Total PLLs                      ; 0 / 6 ( 0 % )                                   ;
; Total DLLs                      ; 0 / 4 ( 0 % )                                   ;
+---------------------------------+-------------------------------------------------+


+-----------------------------------------+
; Flow Settings                           ;
+-------------------+---------------------+
; Option            ; Setting             ;
+-------------------+---------------------+
; Start date & time ; 07/30/2020 21:56:10 ;
; Main task         ; Compilation         ;
; Revision Name     ; Led_On              ;
+-------------------+---------------------+


+--------------------------------------------------------------------------------------------------------------------------------+
; Flow Non-Default Global Settings                                                                                               ;
+-------------------------------------+----------------------------------------+---------------+--------------------+------------+
; Assignment Name                     ; Value                                  ; Default Value ; Entity Name        ; Section Id ;
+-------------------------------------+----------------------------------------+---------------+--------------------+------------+
; COMPILER_SIGNATURE_ID               ; 121370288144.159613537009328           ; --            ; --                 ; --         ;
; MAX_CORE_JUNCTION_TEMP              ; 85                                     ; --            ; --                 ; --         ;
; MIN_CORE_JUNCTION_TEMP              ; 0                                      ; --            ; --                 ; --         ;
; PARTITION_COLOR                     ; -- (Not supported for targeted family) ; --            ; Led_On_With_Switch ; Top        ;
; PARTITION_FITTER_PRESERVATION_LEVEL ; -- (Not supported for targeted family) ; --            ; Led_On_With_Switch ; Top        ;
; PARTITION_NETLIST_TYPE              ; -- (Not supported for targeted family) ; --            ; Led_On_With_Switch ; Top        ;
; POWER_BOARD_THERMAL_MODEL           ; None (CONSERVATIVE)                    ; --            ; --                 ; --         ;
; POWER_PRESET_COOLING_SOLUTION       ; 23 MM HEAT SINK WITH 200 LFPM AIRFLOW  ; --            ; --                 ; --         ;
; TOP_LEVEL_ENTITY                    ; Led_On_With_Switch                     ; Led_On        ; --                 ; --         ;
+-------------------------------------+----------------------------------------+---------------+--------------------+------------+


+--------------------------------------------------------------------------------------------------------------------------+
; Flow Elapsed Time                                                                                                        ;
+----------------------+--------------+-------------------------+---------------------+------------------------------------+
; Module Name          ; Elapsed Time ; Average Processors Used ; Peak Virtual Memory ; Total CPU Time (on all processors) ;
+----------------------+--------------+-------------------------+---------------------+------------------------------------+
; Analysis & Synthesis ; 00:00:24     ; 1.0                     ; 4865 MB             ; 00:00:24                           ;
; Fitter               ; 00:02:11     ; 1.0                     ; 6937 MB             ; 00:06:16                           ;
; Assembler            ; 00:00:47     ; 1.0                     ; 4856 MB             ; 00:00:06                           ;
; Fitter               ; 00:01:47     ; 1.0                     ; 6952 MB             ; 00:04:39                           ;
; Assembler            ; 00:00:37     ; 1.0                     ; 4858 MB             ; 00:00:06                           ;
; Total                ; 00:05:46     ; --                      ; --                  ; 00:11:31                           ;
+----------------------+--------------+-------------------------+---------------------+------------------------------------+


+------------------------------------------------------------------------------------+
; Flow OS Summary                                                                    ;
+----------------------+------------------+------------+------------+----------------+
; Module Name          ; Machine Hostname ; OS Name    ; OS Version ; Processor type ;
+----------------------+------------------+------------+------------+----------------+
; Analysis & Synthesis ; KAANARIFF5B      ; Windows 10 ; 10.0       ; x86_64         ;
; Fitter               ; KAANARIFF5B      ; Windows 10 ; 10.0       ; x86_64         ;
; Assembler            ; KAANARIFF5B      ; Windows 10 ; 10.0       ; x86_64         ;
; Fitter               ; KAANARIFF5B      ; Windows 10 ; 10.0       ; x86_64         ;
; Assembler            ; KAANARIFF5B      ; Windows 10 ; 10.0       ; x86_64         ;
+----------------------+------------------+------------+------------+----------------+


------------
; Flow Log ;
------------
quartus_map --read_settings_files=on --write_settings_files=off Led_On_With_Switch -c Led_On
quartus_fit --read_settings_files=on --write_settings_files=off Led_On_With_Switch -c Led_On
quartus_asm --read_settings_files=on --write_settings_files=off Led_On_With_Switch -c Led_On
quartus_fit --read_settings_files=on --write_settings_files=off Led_On_With_Switch -c Led_On
quartus_asm --read_settings_files=on --write_settings_files=off Led_On_With_Switch -c Led_On



