Flow report for Counter_V1
Thu Jul 30 16:06:59 2020
Quartus Prime Version 19.1.0 Build 670 09/22/2019 SJ Standard Edition


---------------------
; Table of Contents ;
---------------------
  1. Legal Notice
  2. Flow Summary
  3. Flow Settings
  4. Flow Non-Default Global Settings
  5. Flow Elapsed Time
  6. Flow OS Summary
  7. Flow Log
  8. Flow Messages
  9. Flow Suppressed Messages



----------------
; Legal Notice ;
----------------
Copyright (C) 2019  Intel Corporation. All rights reserved.
Your use of Intel Corporation's design tools, logic functions 
and other software and tools, and any partner logic 
functions, and any output files from any of the foregoing 
(including device programming or simulation files), and any 
associated documentation or information are expressly subject 
to the terms and conditions of the Intel Program License 
Subscription Agreement, the Intel Quartus Prime License Agreement,
the Intel FPGA IP License Agreement, or other applicable license
agreement, including, without limitation, that your use is for
the sole purpose of programming logic devices manufactured by
Intel and sold by Intel or its authorized distributors.  Please
refer to the applicable agreement for further details, at
https://fpgasoftware.intel.com/eula.



+-----------------------------------------------------------------------------------+
; Flow Summary                                                                      ;
+---------------------------------+-------------------------------------------------+
; Flow Status                     ; Successful - Thu Jul 30 16:06:59 2020           ;
; Quartus Prime Version           ; 19.1.0 Build 670 09/22/2019 SJ Standard Edition ;
; Revision Name                   ; Counter_V1                                      ;
; Top-level Entity Name           ; Counter_V1                                      ;
; Family                          ; Cyclone V                                       ;
; Device                          ; 5CSEMA5F31C6                                    ;
; Timing Models                   ; Final                                           ;
; Logic utilization (in ALMs)     ; 6 / 32,070 ( < 1 % )                            ;
; Total registers                 ; 9                                               ;
; Total pins                      ; 22 / 457 ( 5 % )                                ;
; Total virtual pins              ; 0                                               ;
; Total block memory bits         ; 0 / 4,065,280 ( 0 % )                           ;
; Total DSP Blocks                ; 0 / 87 ( 0 % )                                  ;
; Total HSSI RX PCSs              ; 0                                               ;
; Total HSSI PMA RX Deserializers ; 0                                               ;
; Total HSSI TX PCSs              ; 0                                               ;
; Total HSSI PMA TX Serializers   ; 0                                               ;
; Total PLLs                      ; 0 / 6 ( 0 % )                                   ;
; Total DLLs                      ; 0 / 4 ( 0 % )                                   ;
+---------------------------------+-------------------------------------------------+


+-----------------------------------------+
; Flow Settings                           ;
+-------------------+---------------------+
; Option            ; Setting             ;
+-------------------+---------------------+
; Start date & time ; 07/30/2020 16:03:10 ;
; Main task         ; Compilation         ;
; Revision Name     ; Counter_V1          ;
+-------------------+---------------------+


+---------------------------------------------------------------------------------------------------------------------------------------------------+
; Flow Non-Default Global Settings                                                                                                                  ;
+-------------------------------------+----------------------------------------+---------------+----------------+-----------------------------------+
; Assignment Name                     ; Value                                  ; Default Value ; Entity Name    ; Section Id                        ;
+-------------------------------------+----------------------------------------+---------------+----------------+-----------------------------------+
; COMPILER_SIGNATURE_ID               ; 963354890759.159611419011548           ; --            ; --             ; --                                ;
; EDA_DESIGN_ENTRY_SYNTHESIS_TOOL     ; FPGA Compiler II                       ; <None>        ; Counter_V1.vhd ; --                                ;
; EDA_GENERATE_FUNCTIONAL_NETLIST     ; Off                                    ; --            ; --             ; eda_board_design_timing           ;
; EDA_GENERATE_FUNCTIONAL_NETLIST     ; Off                                    ; --            ; --             ; eda_board_design_boundary_scan    ;
; EDA_GENERATE_FUNCTIONAL_NETLIST     ; Off                                    ; --            ; --             ; eda_board_design_signal_integrity ;
; EDA_GENERATE_FUNCTIONAL_NETLIST     ; Off                                    ; --            ; --             ; eda_board_design_symbol           ;
; EDA_INPUT_DATA_FORMAT               ; Edif                                   ; --            ; Counter_V1.vhd ; eda_design_synthesis              ;
; EDA_INPUT_GND_NAME                  ; Gnd                                    ; --            ; Counter_V1.vhd ; eda_design_synthesis              ;
; EDA_INPUT_VCC_NAME                  ; Vdd                                    ; --            ; Counter_V1.vhd ; eda_design_synthesis              ;
; EDA_LMF_FILE                        ; fpga_exp.lmf                           ; --            ; Counter_V1.vhd ; eda_design_synthesis              ;
; EDA_NETLIST_WRITER_OUTPUT_DIR       ; simulation/modelsim                    ; --            ; --             ; eda_simulation                    ;
; EDA_OUTPUT_DATA_FORMAT              ; Verilog Hdl                            ; --            ; --             ; eda_simulation                    ;
; EDA_RUN_TOOL_AUTOMATICALLY          ; Off                                    ; --            ; Counter_V1.vhd ; eda_design_synthesis              ;
; EDA_SHOW_LMF_MAPPING_MESSAGES       ; Off                                    ; --            ; Counter_V1.vhd ; eda_design_synthesis              ;
; EDA_SIMULATION_TOOL                 ; ModelSim (Verilog)                     ; <None>        ; --             ; --                                ;
; EDA_TIME_SCALE                      ; 1 ps                                   ; --            ; --             ; eda_simulation                    ;
; MAX_CORE_JUNCTION_TEMP              ; 85                                     ; --            ; --             ; --                                ;
; MIN_CORE_JUNCTION_TEMP              ; 0                                      ; --            ; --             ; --                                ;
; PARTITION_COLOR                     ; -- (Not supported for targeted family) ; --            ; --             ; Top                               ;
; PARTITION_FITTER_PRESERVATION_LEVEL ; -- (Not supported for targeted family) ; --            ; --             ; Top                               ;
; PARTITION_NETLIST_TYPE              ; -- (Not supported for targeted family) ; --            ; --             ; Top                               ;
; POWER_BOARD_THERMAL_MODEL           ; None (CONSERVATIVE)                    ; --            ; --             ; --                                ;
; POWER_PRESET_COOLING_SOLUTION       ; 23 MM HEAT SINK WITH 200 LFPM AIRFLOW  ; --            ; --             ; --                                ;
; PROJECT_OUTPUT_DIRECTORY            ; output_files                           ; --            ; --             ; --                                ;
+-------------------------------------+----------------------------------------+---------------+----------------+-----------------------------------+


+--------------------------------------------------------------------------------------------------------------------------+
; Flow Elapsed Time                                                                                                        ;
+----------------------+--------------+-------------------------+---------------------+------------------------------------+
; Module Name          ; Elapsed Time ; Average Processors Used ; Peak Virtual Memory ; Total CPU Time (on all processors) ;
+----------------------+--------------+-------------------------+---------------------+------------------------------------+
; Analysis & Synthesis ; 00:00:30     ; 1.0                     ; 4887 MB             ; 00:00:33                           ;
; Fitter               ; 00:02:21     ; 1.0                     ; 6942 MB             ; 00:05:43                           ;
; Assembler            ; 00:00:33     ; 1.0                     ; 4856 MB             ; 00:00:07                           ;
; Timing Analyzer      ; 00:00:18     ; 1.0                     ; 5187 MB             ; 00:00:05                           ;
; EDA Netlist Writer   ; 00:00:14     ; 1.0                     ; 4736 MB             ; 00:00:01                           ;
; Total                ; 00:03:56     ; --                      ; --                  ; 00:06:29                           ;
+----------------------+--------------+-------------------------+---------------------+------------------------------------+


+------------------------------------------------------------------------------------+
; Flow OS Summary                                                                    ;
+----------------------+------------------+------------+------------+----------------+
; Module Name          ; Machine Hostname ; OS Name    ; OS Version ; Processor type ;
+----------------------+------------------+------------+------------+----------------+
; Analysis & Synthesis ; KAANARIFF5B      ; Windows 10 ; 10.0       ; x86_64         ;
; Fitter               ; KAANARIFF5B      ; Windows 10 ; 10.0       ; x86_64         ;
; Assembler            ; KAANARIFF5B      ; Windows 10 ; 10.0       ; x86_64         ;
; Timing Analyzer      ; KAANARIFF5B      ; Windows 10 ; 10.0       ; x86_64         ;
; EDA Netlist Writer   ; KAANARIFF5B      ; Windows 10 ; 10.0       ; x86_64         ;
+----------------------+------------------+------------+------------+----------------+


------------
; Flow Log ;
------------
quartus_map --read_settings_files=on --write_settings_files=off Counter_V1 -c Counter_V1
quartus_fit --read_settings_files=off --write_settings_files=off Counter_V1 -c Counter_V1
quartus_asm --read_settings_files=off --write_settings_files=off Counter_V1 -c Counter_V1
quartus_sta Counter_V1 -c Counter_V1
quartus_eda --read_settings_files=off --write_settings_files=off Counter_V1 -c Counter_V1



